# JRE version: Java(TM) SE Runtime Environment (8.0_05-b13) (build 1.8.0_05-b13)
# Java VM: Java HotSpot(TM) 64-Bit Server VM (25.5-b02 mixed mode windows-amd64 compressed oops)
Heap:
 PSYoungGen      total 12800K, used 4855K [0x00000000d5800000, 0x00000000d6980000, 0x0000000100000000)
  eden space 10752K, 26% used [0x00000000d5800000,0x00000000d5ac5c38,0x00000000d6280000)
  from space 2048K, 98% used [0x00000000d6580000,0x00000000d6778040,0x00000000d6780000)
  to   space 3072K, 0% used [0x00000000d6280000,0x00000000d6280000,0x00000000d6580000)
 ParOldGen       total 129536K, used 16682K [0x0000000080800000, 0x0000000088680000, 0x00000000d5800000)
  object space 129536K, 12% used [0x0000000080800000,0x000000008184abc0,0x0000000088680000)
 Metaspace       used 13719K, capacity 13896K, committed 14080K, reserved 1060864K
  class space    used 1907K, capacity 1957K, committed 2048K, reserved 1048576K
GC Heap History (10 events):
Event: 0.351 GC heap before
{Heap before GC invocations=6 (full 0):
 PSYoungGen      total 2560K, used 2544K [0x00000000d5800000, 0x00000000d5e00000, 0x0000000100000000)
  eden space 2048K, 100% used [0x00000000d5800000,0x00000000d5a00000,0x00000000d5a00000)
  from space 512K, 96% used [0x00000000d5a00000,0x00000000d5a7c020,0x00000000d5a80000)
  to   space 1024K, 0% used [0x00000000d5d00000,0x00000000d5d00000,0x00000000d5e00000)
 ParOldGen       total 129536K, used 824K [0x0000000080800000, 0x0000000088680000, 0x00000000d5800000)
  object space 129536K, 0% used [0x0000000080800000,0x00000000808ce030,0x0000000088680000)
 Metaspace       used 6748K, capacity 7430K, committed 7552K, reserved 1056768K
  class space    used 847K, capacity 882K, committed 896K, reserved 1048576K
Event: 0.352 GC heap after
Heap after GC invocations=6 (full 0):
 PSYoungGen      total 4608K, used 848K [0x00000000d5800000, 0x00000000d5f00000, 0x0000000100000000)
  eden space 3584K, 0% used [0x00000000d5800000,0x00000000d5800000,0x00000000d5b80000)
  from space 1024K, 82% used [0x00000000d5d00000,0x00000000d5dd4030,0x00000000d5e00000)
  to   space 1536K, 0% used [0x00000000d5b80000,0x00000000d5b80000,0x00000000d5d00000)
 ParOldGen       total 129536K, used 832K [0x0000000080800000, 0x0000000088680000, 0x00000000d5800000)
  object space 129536K, 0% used [0x0000000080800000,0x00000000808d0030,0x0000000088680000)
 Metaspace       used 6748K, capacity 7430K, committed 7552K, reserved 1056768K
  class space    used 847K, capacity 882K, committed 896K, reserved 1048576K
}
Event: 0.481 GC heap before
{Heap before GC invocations=7 (full 0):
 PSYoungGen      total 4608K, used 4432K [0x00000000d5800000, 0x00000000d5f00000, 0x0000000100000000)
  eden space 3584K, 100% used [0x00000000d5800000,0x00000000d5b80000,0x00000000d5b80000)
  from space 1024K, 82% used [0x00000000d5d00000,0x00000000d5dd4030,0x00000000d5e00000)
  to   space 1536K, 0% used [0x00000000d5b80000,0x00000000d5b80000,0x00000000d5d00000)
 ParOldGen       total 129536K, used 832K [0x0000000080800000, 0x0000000088680000, 0x00000000d5800000)
  object space 129536K, 0% used [0x0000000080800000,0x00000000808d0030,0x0000000088680000)
 Metaspace       used 8614K, capacity 8744K, committed 8832K, reserved 1056768K
  class space    used 1118K, capacity 1143K, committed 1152K, reserved 1048576K
Event: 0.489 GC heap after
Heap after GC invocations=7 (full 0):
 PSYoungGen      total 5120K, used 864K [0x00000000d5800000, 0x00000000d6200000, 0x0000000100000000)
  eden space 3584K, 0% used [0x00000000d5800000,0x00000000d5800000,0x00000000d5b80000)
  from space 1536K, 56% used [0x00000000d5b80000,0x00000000d5c58010,0x00000000d5d00000)
  to   space 1536K, 0% used [0x00000000d6080000,0x00000000d6080000,0x00000000d6200000)
 ParOldGen       total 129536K, used 1192K [0x0000000080800000, 0x0000000088680000, 0x00000000d5800000)
  object space 129536K, 0% used [0x0000000080800000,0x000000008092a070,0x0000000088680000)
 Metaspace       used 8614K, capacity 8744K, committed 8832K, reserved 1056768K
  class space    used 1118K, capacity 1143K, committed 1152K, reserved 1048576K
}
Event: 0.581 GC heap before
{Heap before GC invocations=8 (full 0):
 PSYoungGen      total 5120K, used 4448K [0x00000000d5800000, 0x00000000d6200000, 0x0000000100000000)
  eden space 3584K, 100% used [0x00000000d5800000,0x00000000d5b80000,0x00000000d5b80000)
  from space 1536K, 56% used [0x00000000d5b80000,0x00000000d5c58010,0x00000000d5d00000)
  to   space 1536K, 0% used [0x00000000d6080000,0x00000000d6080000,0x00000000d6200000)
 ParOldGen       total 129536K, used 1192K [0x0000000080800000, 0x0000000088680000, 0x00000000d5800000)
  object space 129536K, 0% used [0x0000000080800000,0x000000008092a070,0x0000000088680000)
 Metaspace       used 9897K, capacity 10056K, committed 10112K, reserved 1058816K
  class space    used 1326K, capacity 1367K, committed 1408K, reserved 1048576K
Event: 0.583 GC heap after
Heap after GC invocations=8 (full 0):
 PSYoungGen      total 8704K, used 1056K [0x00000000d5800000, 0x00000000d6200000, 0x0000000100000000)
  eden space 7168K, 0% used [0x00000000d5800000,0x00000000d5800000,0x00000000d5f00000)
  from space 1536K, 68% used [0x00000000d6080000,0x00000000d6188010,0x00000000d6200000)
  to   space 1536K, 0% used [0x00000000d5f00000,0x00000000d5f00000,0x00000000d6080000)
 ParOldGen       total 129536K, used 1296K [0x0000000080800000, 0x0000000088680000, 0x00000000d5800000)
  object space 129536K, 1% used [0x0000000080800000,0x0000000080944070,0x0000000088680000)
 Metaspace       used 9897K, capacity 10056K, committed 10112K, reserved 1058816K
  class space    used 1326K, capacity 1367K, committed 1408K, reserved 1048576K
}
Event: 0.814 GC heap before
{Heap before GC invocations=9 (full 0):
 PSYoungGen      total 8704K, used 8224K [0x00000000d5800000, 0x00000000d6200000, 0x0000000100000000)
  eden space 7168K, 100% used [0x00000000d5800000,0x00000000d5f00000,0x00000000d5f00000)
  from space 1536K, 68% used [0x00000000d6080000,0x00000000d6188010,0x00000000d6200000)
  to   space 1536K, 0% used [0x00000000d5f00000,0x00000000d5f00000,0x00000000d6080000)
 ParOldGen       total 129536K, used 13296K [0x0000000080800000, 0x0000000088680000, 0x00000000d5800000)
  object space 129536K, 10% used [0x0000000080800000,0x00000000814fc080,0x0000000088680000)
 Metaspace       used 11071K, capacity 11272K, committed 11392K, reserved 1058816K
  class space    used 1533K, capacity 1559K, committed 1664K, reserved 1048576K
Event: 0.816 GC heap after
Heap after GC invocations=9 (full 0):
 PSYoungGen      total 8704K, used 1536K [0x00000000d5800000, 0x00000000d6780000, 0x0000000100000000)
  eden space 7168K, 0% used [0x00000000d5800000,0x00000000d5800000,0x00000000d5f00000)
  from space 1536K, 100% used [0x00000000d5f00000,0x00000000d6080000,0x00000000d6080000)
  to   space 2048K, 0% used [0x00000000d6580000,0x00000000d6580000,0x00000000d6780000)
 ParOldGen       total 129536K, used 14208K [0x0000000080800000, 0x0000000088680000, 0x00000000d5800000)
  object space 129536K, 10% used [0x0000000080800000,0x00000000815e00c0,0x0000000088680000)
 Metaspace       used 11071K, capacity 11272K, committed 11392K, reserved 1058816K
  class space    used 1533K, capacity 1559K, committed 1664K, reserved 1048576K
}
Event: 1.850 GC heap before
{Heap before GC invocations=10 (full 0):
 PSYoungGen      total 8704K, used 8704K [0x00000000d5800000, 0x00000000d6780000, 0x0000000100000000)
  eden space 7168K, 100% used [0x00000000d5800000,0x00000000d5f00000,0x00000000d5f00000)
  from space 1536K, 100% used [0x00000000d5f00000,0x00000000d6080000,0x00000000d6080000)
  to   space 2048K, 0% used [0x00000000d6580000,0x00000000d6580000,0x00000000d6780000)
 ParOldGen       total 129536K, used 14208K [0x0000000080800000, 0x0000000088680000, 0x00000000d5800000)
  object space 129536K, 10% used [0x0000000080800000,0x00000000815e00c0,0x0000000088680000)
 Metaspace       used 12745K, capacity 12940K, committed 13184K, reserved 1060864K
  class space    used 1806K, capacity 1853K, committed 1920K, reserved 1048576K
Event: 1.853 GC heap after
Heap after GC invocations=10 (full 0):
 PSYoungGen      total 12800K, used 2016K [0x00000000d5800000, 0x00000000d6980000, 0x0000000100000000)
  eden space 10752K, 0% used [0x00000000d5800000,0x00000000d5800000,0x00000000d6280000)
  from space 2048K, 98% used [0x00000000d6580000,0x00000000d6778040,0x00000000d6780000)
  to   space 3072K, 0% used [0x00000000d6280000,0x00000000d6280000,0x00000000d6580000)
 ParOldGen       total 129536K, used 16682K [0x0000000080800000, 0x0000000088680000, 0x00000000d5800000)
  object space 129536K, 12% used [0x0000000080800000,0x000000008184abc0,0x0000000088680000)
 Metaspace       used 12745K, capacity 12940K, committed 13184K, reserved 1060864K
  class space    used 1806K, capacity 1853K, committed 1920K, reserved 1048576K
}

